<?xml version="1.0" encoding="UTF-8"?>
<testsuite name="com.example.HelloWorldTest" tests="1" skipped="0" failures="0" errors="0" timestamp="2025-04-15T11:52:23.333Z" hostname="DESKTOP-GE5ET7J" time="0.016">
  <properties/>
  <testcase name="testGetGreeting" classname="com.example.HelloWorldTest" time="0.016"/>
  <system-out><![CDATA[]]></system-out>
  <system-err><![CDATA[]]></system-err>
</testsuite>
